<?xml version="1.0" encoding="utf-8" standalone="no"?>
<!--This file represents the results of running a test suite-->
<test-results name="E:\csharpworkspace\SchoolMaster\SchoolMaster\SchoolMaster\bin\SchoolMaster.dll" total="0" errors="0" failures="0" not-run="0" inconclusive="0" ignored="0" skipped="0" invalid="0" date="2011-06-16" time="01:29:45">
  <environment nunit-version="2.5.9.10348" clr-version="2.0.50727.4952" os-version="Microsoft Windows NT 6.1.7600.0" platform="Win32NT" cwd="G:\Program Files\NUnit 2.5.9\bin\net-2.0" machine-name="LIUTP-PC" user="Administrator" user-domain="liutp-PC" />
  <culture-info current-culture="zh-CN" current-uiculture="zh-CN" />
  <test-suite type="Assembly" name="E:\csharpworkspace\SchoolMaster\SchoolMaster\SchoolMaster\bin\SchoolMaster.dll" executed="False" result="NotRunnable">
    <reason>
      <message><![CDATA[Has no TestFixtures]]></message>
    </reason>
  </test-suite>
</test-results>